
==================================================
[EMAIL MOCK] SENT TO: finalfix@example.com
Subject: Verify your ZeroDay Weekly Subscription
Body: Please click the link to confirm your subscription:
http://localhost:8000/api/verify-email?token=48e3a9c496f4431f93de96954dab901b
==================================================

INFO:     127.0.0.1:56253 - "POST /api/subscribe HTTP/1.1" 200 OK

==================================================
[EMAIL MOCK] SENT TO: second@user.com
Subject: Verify your ZeroDay Weekly Subscription
Body: Please click the link to confirm your subscription:
http://localhost:8000/api/verify-email?token=75aff12b8f0a4e2586d642c618ba33e2
==================================================

INFO:     127.0.0.1:56267 - "POST /api/subscribe HTTP/1.1" 200 OK
INFO:     127.0.0.1:56076 - "GET / HTTP/1.1" 200 OK

==================================================
[EMAIL MOCK] SENT TO: ndgaming458@gmail.com
Subject: Verify your ZeroDay Weekly Subscription
Body: Please click the link to confirm your subscription:
http://localhost:8000/api/verify-email?token=40d1a5077ed0494db7d0d2b46fb99d9a
==================================================

INFO:     127.0.0.1:52202 - "POST /api/subscribe HTTP/1.1" 200 OK
